PHP Warning:  PHP Startup: Unable to load dynamic library 'php_curl.dll' (tried: C:/Users/shafe/OneDrive/Documents/GitHub/WWW-Proj/usbwebserver\\php\\ext\\php_curl.dll (The specified module could not be found), C:/Users/shafe/OneDrive/Documents/GitHub/WWW-Proj/usbwebserver\\php\\ext\\php_php_curl.dll.dll (The specified module could not be found)) in Unknown on line 0
PHP Warning:  PHP Startup: Unable to load dynamic library 'php_gd2.dll' (tried: C:/Users/shafe/OneDrive/Documents/GitHub/WWW-Proj/usbwebserver\\php\\ext\\php_gd2.dll (The specified module could not be found), C:/Users/shafe/OneDrive/Documents/GitHub/WWW-Proj/usbwebserver\\php\\ext\\php_php_gd2.dll.dll (The specified module could not be found)) in Unknown on line 0
PHP Warning:  PHP Startup: Unable to load dynamic library 'php_pdo_pgsql.dll' (tried: C:/Users/shafe/OneDrive/Documents/GitHub/WWW-Proj/usbwebserver\\php\\ext\\php_pdo_pgsql.dll (The operating system cannot run %1), C:/Users/shafe/OneDrive/Documents/GitHub/WWW-Proj/usbwebserver\\php\\ext\\php_php_pdo_pgsql.dll.dll (The specified module could not be found)) in Unknown on line 0
PHP Warning:  PHP Startup: Unable to load dynamic library 'php_pdo_sqlite.dll' (tried: C:/Users/shafe/OneDrive/Documents/GitHub/WWW-Proj/usbwebserver\\php\\ext\\php_pdo_sqlite.dll (The specified module could not be found), C:/Users/shafe/OneDrive/Documents/GitHub/WWW-Proj/usbwebserver\\php\\ext\\php_php_pdo_sqlite.dll.dll (The specified module could not be found)) in Unknown on line 0
PHP Warning:  PHP Startup: Unable to load dynamic library 'php_sqlite3.dll' (tried: C:/Users/shafe/OneDrive/Documents/GitHub/WWW-Proj/usbwebserver\\php\\ext\\php_sqlite3.dll (The specified module could not be found), C:/Users/shafe/OneDrive/Documents/GitHub/WWW-Proj/usbwebserver\\php\\ext\\php_php_sqlite3.dll.dll (The specified module could not be found)) in Unknown on line 0
[Sat Apr 26 03:14:30.302935 2025] [mpm_winnt:notice] [pid 12880:tid 864] AH00455: Apache/2.4.52 (Win32) PHP/8.1.3 configured -- resuming normal operations
[Sat Apr 26 03:14:30.302935 2025] [mpm_winnt:notice] [pid 12880:tid 864] AH00456: Server built: Dec 17 2021 15:03:08
[Sat Apr 26 03:14:30.302935 2025] [core:notice] [pid 12880:tid 864] AH00094: Command line: 'C:\\Users\\shafe\\OneDrive\\Documents\\GitHub\\WWW-Proj\\usbwebserver/apache2/bin/httpd_usbwv8.exe -d C:/Users/shafe/OneDrive/Documents/GitHub/WWW-Proj/usbwebserver/apache2'
[Sat Apr 26 03:14:30.334185 2025] [mpm_winnt:notice] [pid 12880:tid 864] AH00418: Parent: Created child process 9548
PHP Warning:  PHP Startup: Unable to load dynamic library 'php_curl.dll' (tried: C:/Users/shafe/OneDrive/Documents/GitHub/WWW-Proj/usbwebserver\\php\\ext\\php_curl.dll (The specified module could not be found), C:/Users/shafe/OneDrive/Documents/GitHub/WWW-Proj/usbwebserver\\php\\ext\\php_php_curl.dll.dll (The specified module could not be found)) in Unknown on line 0
PHP Warning:  PHP Startup: Unable to load dynamic library 'php_gd2.dll' (tried: C:/Users/shafe/OneDrive/Documents/GitHub/WWW-Proj/usbwebserver\\php\\ext\\php_gd2.dll (The specified module could not be found), C:/Users/shafe/OneDrive/Documents/GitHub/WWW-Proj/usbwebserver\\php\\ext\\php_php_gd2.dll.dll (The specified module could not be found)) in Unknown on line 0
PHP Warning:  PHP Startup: Unable to load dynamic library 'php_pdo_pgsql.dll' (tried: C:/Users/shafe/OneDrive/Documents/GitHub/WWW-Proj/usbwebserver\\php\\ext\\php_pdo_pgsql.dll (The operating system cannot run %1), C:/Users/shafe/OneDrive/Documents/GitHub/WWW-Proj/usbwebserver\\php\\ext\\php_php_pdo_pgsql.dll.dll (The specified module could not be found)) in Unknown on line 0
PHP Warning:  PHP Startup: Unable to load dynamic library 'php_pdo_sqlite.dll' (tried: C:/Users/shafe/OneDrive/Documents/GitHub/WWW-Proj/usbwebserver\\php\\ext\\php_pdo_sqlite.dll (The specified module could not be found), C:/Users/shafe/OneDrive/Documents/GitHub/WWW-Proj/usbwebserver\\php\\ext\\php_php_pdo_sqlite.dll.dll (The specified module could not be found)) in Unknown on line 0
PHP Warning:  PHP Startup: Unable to load dynamic library 'php_sqlite3.dll' (tried: C:/Users/shafe/OneDrive/Documents/GitHub/WWW-Proj/usbwebserver\\php\\ext\\php_sqlite3.dll (The specified module could not be found), C:/Users/shafe/OneDrive/Documents/GitHub/WWW-Proj/usbwebserver\\php\\ext\\php_php_sqlite3.dll.dll (The specified module could not be found)) in Unknown on line 0
[Sat Apr 26 03:14:31.735233 2025] [mpm_winnt:notice] [pid 9548:tid 760] AH00354: Child: Starting 64 worker threads.
[Sat Apr 26 03:14:35.421363 2025] [php:warn] [pid 9548:tid 1292] [client ::1:50207] PHP Warning:  Unknown: Failed to open stream: No such file or directory in Unknown on line 0, referer: http://localhost:8080/
[Sat Apr 26 03:14:35.421363 2025] [php:error] [pid 9548:tid 1292] [client ::1:50207] PHP Fatal error:  Failed opening required 'C:/Users/shafe/OneDrive/Documents/GitHub/WWW-Proj/usbwebserver/root/Project_andrewin_robateau_godoy/index.php' (include_path='.;C:\\php\\pear') in Unknown on line 0, referer: http://localhost:8080/
[Sat Apr 26 03:14:39.484740 2025] [php:warn] [pid 9548:tid 1292] [client ::1:50208] PHP Warning:  Unknown: Failed to open stream: No such file or directory in Unknown on line 0, referer: http://localhost:8080/
[Sat Apr 26 03:14:39.484740 2025] [php:error] [pid 9548:tid 1292] [client ::1:50208] PHP Fatal error:  Failed opening required 'C:/Users/shafe/OneDrive/Documents/GitHub/WWW-Proj/usbwebserver/root/basic.php' (include_path='.;C:\\php\\pear') in Unknown on line 0, referer: http://localhost:8080/
[Sat Apr 26 03:14:42.452732 2025] [php:warn] [pid 9548:tid 1292] [client ::1:50209] PHP Warning:  Unknown: Failed to open stream: No such file or directory in Unknown on line 0, referer: http://localhost:8080/
[Sat Apr 26 03:14:42.452732 2025] [php:error] [pid 9548:tid 1292] [client ::1:50209] PHP Fatal error:  Failed opening required 'C:/Users/shafe/OneDrive/Documents/GitHub/WWW-Proj/usbwebserver/root/Project_andrewin_robateau_godoy/index.php' (include_path='.;C:\\php\\pear') in Unknown on line 0, referer: http://localhost:8080/
